2025-05-24 00:07:52.562 | INFO     | utils_logger:<module>:41 - Logging to file: logs\project_log.log
2025-05-24 00:07:52.562 | INFO     | __main__:main:97 - Starting CSV fetch demonstration...
2025-05-24 00:07:52.563 | INFO     | __main__:fetch_csv_file:56 - Fetching CSV data from https://raw.githubusercontent.com/MainakRepositor/Datasets/master/World%20Happiness%20Data/2020.csv...
2025-05-24 00:07:52.958 | INFO     | __main__:write_csv_file:80 - Writing CSV data to example_data\2020_happiness.csv...
2025-05-24 00:07:52.961 | INFO     | __main__:write_csv_file:84 - SUCCESS: CSV data written to example_data\2020_happiness.csv
2025-05-24 00:07:52.961 | INFO     | __main__:fetch_csv_file:60 - SUCCESS: CSV file fetched and saved as 2020_happiness.csv
2025-05-24 00:08:53.549 | INFO     | utils_logger:<module>:41 - Logging to file: logs\project_log.log
2025-05-24 00:08:53.549 | INFO     | __main__:main:97 - Starting Excel fetch demonstration...
2025-05-24 00:08:53.550 | INFO     | __main__:fetch_excel_file:56 - Fetching Excel data from https://raw.githubusercontent.com/denisecase/datafun-03-analytics/main/hosted/Feedback.xlsx...
2025-05-24 00:08:53.989 | INFO     | __main__:write_excel_file:80 - Writing Excel data to example_data\Feedback.xlsx...
2025-05-24 00:08:53.991 | INFO     | __main__:write_excel_file:84 - SUCCESS: Excel data written to example_data\Feedback.xlsx
2025-05-24 00:08:53.992 | INFO     | __main__:fetch_excel_file:60 - SUCCESS: Excel file fetched and saved as Feedback.xlsx
2025-05-24 00:25:37.164 | INFO     | utils_logger:<module>:41 - Logging to file: logs\project_log.log
2025-05-24 00:25:37.165 | INFO     | __main__:main:97 - Starting CSV fetch...
2025-05-24 00:25:37.165 | INFO     | __main__:fetch_csv_file:56 - Fetching CSV data from https://cdn.wsform.com/wp-content/uploads/2020/06/industry.csv...
2025-05-24 00:25:37.872 | INFO     | __main__:write_csv_file:80 - Writing CSV data to C:\Repos\datafun-03-analytics\data\industry_names.csv...
2025-05-24 00:25:37.874 | INFO     | __main__:write_csv_file:84 - SUCCESS: CSV data written to C:\Repos\datafun-03-analytics\data\industry_names.csv
2025-05-24 00:25:37.875 | INFO     | __main__:fetch_csv_file:60 - SUCCESS: CSV file fetched and saved as industry_names.csv
2025-05-24 00:30:58.289 | INFO     | utils_logger:<module>:41 - Logging to file: logs\project_log.log
2025-05-24 00:30:58.290 | INFO     | __main__:main:97 - Starting Excel fetch...
2025-05-24 00:30:58.290 | INFO     | __main__:fetch_excel_file:56 - Fetching Excel data from https://go.microsoft.com/fwlink/?LinkID=521962...
2025-05-24 00:30:58.878 | INFO     | __main__:write_excel_file:80 - Writing Excel data to C:\Repos\datafun-03-analytics\data\Power_BI_Financial_Data_Sample.xlsx...
2025-05-24 00:30:58.879 | INFO     | __main__:write_excel_file:84 - SUCCESS: Excel data written to C:\Repos\datafun-03-analytics\data\Power_BI_Financial_Data_Sample.xlsx
2025-05-24 00:30:58.880 | INFO     | __main__:fetch_excel_file:60 - SUCCESS: Excel file fetched and saved as Power_BI_Financial_Data_Sample.xlsx
2025-05-24 00:36:12.739 | INFO     | utils_logger:<module>:41 - Logging to file: logs\project_log.log
2025-05-24 00:36:12.740 | INFO     | __main__:main:96 - Starting JSON fetch...
2025-05-24 00:36:12.740 | INFO     | __main__:fetch_json_file:55 - Fetching JSON data from https://examplefile.com/file-download/45...
2025-05-24 00:36:14.505 | ERROR    | __main__:fetch_json_file:63 - Request error occurred: Expecting value: line 1 column 1 (char 0)
2025-05-24 00:37:28.372 | INFO     | utils_logger:<module>:41 - Logging to file: logs\project_log.log
2025-05-24 00:37:28.373 | INFO     | __main__:main:96 - Starting JSON fetch...
2025-05-24 00:37:28.373 | INFO     | __main__:fetch_json_file:55 - Fetching JSON data from https://www.filesampleshub.com/download/code/json/sample2.json...
2025-05-24 00:37:28.731 | INFO     | __main__:write_json_file:79 - Writing JSON data to C:\Repos\datafun-03-analytics\data\json_sample_file.json...
2025-05-24 00:37:28.733 | INFO     | __main__:write_json_file:83 - SUCCESS: JSON data written to C:\Repos\datafun-03-analytics\data\json_sample_file.json
2025-05-24 00:37:28.734 | INFO     | __main__:fetch_json_file:59 - SUCCESS: JSON file fetched and saved as json_sample_file.json
2025-05-24 00:40:11.647 | INFO     | utils_logger:<module>:41 - Logging to file: logs\project_log.log
2025-05-24 00:40:11.648 | INFO     | __main__:main:97 - Starting text fetch...
2025-05-24 00:40:11.648 | INFO     | __main__:fetch_txt_file:56 - Fetching text data from https://sample-files.com/downloads/documents/txt/data.txt...
2025-05-24 00:40:12.654 | INFO     | __main__:write_txt_file:80 - Writing data to C:\Repos\datafun-03-analytics\data\csv_style.txt...
2025-05-24 00:40:12.656 | INFO     | __main__:write_txt_file:84 - SUCCESS: Data written to C:\Repos\datafun-03-analytics\data\csv_style.txt
2025-05-24 00:40:12.657 | INFO     | __main__:fetch_txt_file:60 - SUCCESS: Text file fetched and saved as csv_style.txt
